android/app/build/intermediates/manifest_merge_blame_file/debug/manifest-merger-blame-debug-report.txt
1<?xml version="1.0" encoding="utf-8"?>
2<manifest xmlns:android="http://schemas.android.com/apk/res/android"
3    package="com.onetouchv1"
4    android:versionCode="1"
5    android:versionName="1.0" >
6
7    <uses-sdk
8        android:minSdkVersion="21"
9        android:targetSdkVersion="29" />
10
11    <uses-permission android:name="android.permission.SYSTEM_ALERT_WINDOW" />
11-->src\debug\AndroidManifest.xml:5:5-77
11-->src\debug\AndroidManifest.xml:5:22-75
12    <uses-permission android:name="android.permission.INTERNET" />
12-->src\main\AndroidManifest.xml:4:5-67
12-->src\main\AndroidManifest.xml:4:22-64
13    <uses-permission android:name="android.permission.CAMERA" />
13-->src\main\AndroidManifest.xml:5:5-65
13-->src\main\AndroidManifest.xml:5:22-62
14    <uses-permission android:name="android.permission.READ_EXTERNAL_STORAGE" />
14-->src\main\AndroidManifest.xml:6:5-80
14-->src\main\AndroidManifest.xml:6:22-77
15    <uses-permission android:name="android.permission.WRITE_EXTERNAL_STORAGE" />
15-->src\main\AndroidManifest.xml:7:5-81
15-->src\main\AndroidManifest.xml:7:22-78
16    <uses-permission android:name="android.permission.ACCESS_WIFI_STATE" />
16-->[com.facebook.flipper:flipper:0.54.0] AndroidManifest.xml:16:5-76
16-->[com.facebook.flipper:flipper:0.54.0] AndroidManifest.xml:16:22-73
17
18    <uses-feature
18-->[com.google.android:cameraview:1.0.0] AndroidManifest.xml:25:5-27:36
19        android:name="android.hardware.camera"
19-->[com.google.android:cameraview:1.0.0] AndroidManifest.xml:26:9-47
20        android:required="false" />
20-->[com.google.android:cameraview:1.0.0] AndroidManifest.xml:27:9-33
21    <uses-feature
21-->[com.google.android:cameraview:1.0.0] AndroidManifest.xml:28:5-30:36
22        android:name="android.hardware.camera.autofocus"
22-->[com.google.android:cameraview:1.0.0] AndroidManifest.xml:29:9-57
23        android:required="false" />
23-->[com.google.android:cameraview:1.0.0] AndroidManifest.xml:30:9-33
24
25    <application
25-->src\main\AndroidManifest.xml:9:5-28:19
26        android:name="com.onetouchv1.MainApplication"
26-->src\main\AndroidManifest.xml:10:7-38
27        android:allowBackup="false"
27-->src\main\AndroidManifest.xml:14:7-34
28        android:appComponentFactory="androidx.core.app.CoreComponentFactory"
28-->[androidx.core:core:1.3.1] AndroidManifest.xml:24:18-86
29        android:debuggable="true"
30        android:icon="@mipmap/ic_launcher"
30-->src\main\AndroidManifest.xml:12:7-41
31        android:label="@string/app_name"
31-->src\main\AndroidManifest.xml:11:7-39
32        android:roundIcon="@mipmap/ic_launcher_round"
32-->src\main\AndroidManifest.xml:13:7-52
33        android:theme="@style/AppTheme"
33-->src\main\AndroidManifest.xml:15:7-38
34        android:usesCleartextTraffic="true" >
34-->src\debug\AndroidManifest.xml:8:18-53
35        <activity
35-->src\main\AndroidManifest.xml:16:7-26:18
36            android:name="com.onetouchv1.MainActivity"
36-->src\main\AndroidManifest.xml:17:9-37
37            android:configChanges="keyboard|keyboardHidden|orientation|screenSize|uiMode"
37-->src\main\AndroidManifest.xml:19:9-86
38            android:label="@string/app_name"
38-->src\main\AndroidManifest.xml:18:9-41
39            android:launchMode="singleTask"
39-->src\main\AndroidManifest.xml:20:9-40
40            android:windowSoftInputMode="adjustResize" >
40-->src\main\AndroidManifest.xml:21:9-51
41            <intent-filter>
41-->src\main\AndroidManifest.xml:22:9-25:25
42                <action android:name="android.intent.action.MAIN" />
42-->src\main\AndroidManifest.xml:23:13-65
42-->src\main\AndroidManifest.xml:23:21-62
43
44                <category android:name="android.intent.category.LAUNCHER" />
44-->src\main\AndroidManifest.xml:24:13-73
44-->src\main\AndroidManifest.xml:24:23-70
45            </intent-filter>
46        </activity>
47        <activity android:name="com.facebook.react.devsupport.DevSettingsActivity" />
47-->src\main\AndroidManifest.xml:27:7-84
47-->src\main\AndroidManifest.xml:27:17-81
48
49        <meta-data
49-->[:unimodules-react-native-adapter] AndroidManifest.xml:12:9-14:91
50            android:name="org.unimodules.core.AppLoader#react-native-headless"
50-->[:unimodules-react-native-adapter] AndroidManifest.xml:13:13-79
51            android:value="org.unimodules.adapters.react.apploader.RNHeadlessAppLoader" />
51-->[:unimodules-react-native-adapter] AndroidManifest.xml:14:13-88
52
53        <provider
53-->[:react-native-image-picker] AndroidManifest.xml:12:9-20:20
54            android:name="com.imagepicker.ImagePickerProvider"
54-->[:react-native-image-picker] AndroidManifest.xml:13:13-63
55            android:authorities="com.onetouchv1.imagepickerprovider"
55-->[:react-native-image-picker] AndroidManifest.xml:14:13-71
56            android:exported="false"
56-->[:react-native-image-picker] AndroidManifest.xml:15:13-37
57            android:grantUriPermissions="true" >
57-->[:react-native-image-picker] AndroidManifest.xml:16:13-47
58            <meta-data
58-->[:react-native-image-picker] AndroidManifest.xml:17:13-19:70
59                android:name="android.support.FILE_PROVIDER_PATHS"
59-->[:react-native-image-picker] AndroidManifest.xml:18:17-67
60                android:resource="@xml/imagepicker_provider_paths" />
60-->[:react-native-image-picker] AndroidManifest.xml:19:17-67
61        </provider>
62        <provider
62-->[:expo-file-system] AndroidManifest.xml:17:9-26:20
63            android:name="expo.modules.filesystem.FileSystemFileProvider"
63-->[:expo-file-system] AndroidManifest.xml:18:13-74
64            android:authorities="com.onetouchv1.FileSystemFileProvider"
64-->[:expo-file-system] AndroidManifest.xml:19:13-74
65            android:exported="false"
65-->[:expo-file-system] AndroidManifest.xml:20:13-37
66            android:grantUriPermissions="true" >
66-->[:expo-file-system] AndroidManifest.xml:21:13-47
67            <meta-data
67-->[:react-native-image-picker] AndroidManifest.xml:17:13-19:70
68                android:name="android.support.FILE_PROVIDER_PATHS"
68-->[:react-native-image-picker] AndroidManifest.xml:18:17-67
69                android:resource="@xml/file_system_provider_paths" />
69-->[:react-native-image-picker] AndroidManifest.xml:19:17-67
70        </provider>
71    </application>
72
73</manifest>